[05/04/2025 - Saturday - 04:16:15] - INFO: 
Programme execution in CLI mode and server properties is not exists to run the router.


[05/04/2025 - Saturday - 05:31:43] - INFO: 
Token from cookie: eyJhbGciOiJIUzI1NiIsInR5cCI6IkpXVCJ9.eyJpZCI6MSwiZW1haWwiOiJqb2huQGRvZS5jb20iLCJ0b2tlbl90eXBlIjoiQmVhcmVyIiwiZXhwaXJlc19pbiI6MzYwMCwidG9rZW5fY3JlYXRlZF9hdCI6IjIwMjUtMDQtMDVUMTU6MTQ6NTVaIiwidG9rZW5fZXhwaXJlc19hdCI6IjIwMjUtMDQtMDVUMTY6MTQ6NTVaIiwiZXhwaXJlc190aW1lX3VuaXQiOiJzZWNvbmRzIn0.W3q7ql06Tw5PIhs2x0KVmucIh8oz5afiqkd5TPDJYO0


[05/04/2025 - Saturday - 05:31:43] - INFO: 
Token from session: eyJhbGciOiJIUzI1NiIsInR5cCI6IkpXVCJ9.eyJpZCI6MSwiZW1haWwiOiJqb2huQGRvZS5jb20iLCJ0b2tlbl90eXBlIjoiQmVhcmVyIiwiZXhwaXJlc19pbiI6MzYwMCwidG9rZW5fY3JlYXRlZF9hdCI6IjIwMjUtMDQtMDVUMTU6MTQ6NTVaIiwidG9rZW5fZXhwaXJlc19hdCI6IjIwMjUtMDQtMDVUMTY6MTQ6NTVaIiwiZXhwaXJlc190aW1lX3VuaXQiOiJzZWNvbmRzIn0.W3q7ql06Tw5PIhs2x0KVmucIh8oz5afiqkd5TPDJYO0


[05/04/2025 - Saturday - 05:33:36] - INFO: 
Programme execution in CLI mode and server properties is not exists to run the router.


[05/04/2025 - Saturday - 05:34:41] - INFO: 
Token from cookie: eyJhbGciOiJIUzI1NiIsInR5cCI6IkpXVCJ9.eyJpZCI6MSwiZW1haWwiOiJqb2huQGRvZS5jb20iLCJ0b2tlbl90eXBlIjoiQmVhcmVyIiwiZXhwaXJlc19pbiI6MzYwMCwidG9rZW5fY3JlYXRlZF9hdCI6IjIwMjUtMDQtMDVUMDc6MDc6MDFaIiwidG9rZW5fZXhwaXJlc19hdCI6IjE5NzAtMDEtMDFUMDA6MDA6MDBaIiwiZXhwaXJlc190aW1lX3VuaXQiOiJzZWNvbmRzIn0.F3Vv5wODKrQ_K_xLWKBKQSFbO5hNVefpP2bupdkWKhg


[05/04/2025 - Saturday - 05:34:41] - INFO: 
Token from session: eyJhbGciOiJIUzI1NiIsInR5cCI6IkpXVCJ9.eyJpZCI6MSwiZW1haWwiOiJqb2huQGRvZS5jb20iLCJ0b2tlbl90eXBlIjoiQmVhcmVyIiwiZXhwaXJlc19pbiI6MzYwMCwidG9rZW5fY3JlYXRlZF9hdCI6IjIwMjUtMDQtMDVUMDc6MDc6MDFaIiwidG9rZW5fZXhwaXJlc19hdCI6IjE5NzAtMDEtMDFUMDA6MDA6MDBaIiwiZXhwaXJlc190aW1lX3VuaXQiOiJzZWNvbmRzIn0.F3Vv5wODKrQ_K_xLWKBKQSFbO5hNVefpP2bupdkWKhg


[05/04/2025 - Saturday - 05:35:28] - INFO: 
Programme execution in CLI mode and server properties is not exists to run the router.


[05/04/2025 - Saturday - 05:39:15] - INFO: 
Programme execution in CLI mode and server properties is not exists to run the router.


[05/04/2025 - Saturday - 05:42:32] - INFO: 
Programme execution in CLI mode and server properties is not exists to run the router.


[05/04/2025 - Saturday - 05:54:22] - INFO: 
Programme execution in CLI mode and server properties is not exists to run the router.


[05/04/2025 - Saturday - 05:54:39] - INFO: 
Token from cookie: 


[05/04/2025 - Saturday - 05:54:39] - INFO: 
Token from session: 


[05/04/2025 - Saturday - 05:57:38] - INFO: 
Token from cookie: 


[05/04/2025 - Saturday - 05:57:38] - INFO: 
Token from session: 


[05/04/2025 - Saturday - 05:58:06] - INFO: 
Programme execution in CLI mode and server properties is not exists to run the router.


[05/04/2025 - Saturday - 05:59:09] - INFO: 
Programme execution in CLI mode and server properties is not exists to run the router.


[05/04/2025 - Saturday - 06:00:14] - INFO: 
Programme execution in CLI mode and server properties is not exists to run the router.


[05/04/2025 - Saturday - 06:02:04] - INFO: 
Programme execution in CLI mode and server properties is not exists to run the router.


[05/04/2025 - Saturday - 06:03:20] - INFO: 
Programme execution in CLI mode and server properties is not exists to run the router.


[05/04/2025 - Saturday - 06:20:16] - INFO: 
Programme execution in CLI mode and server properties is not exists to run the router.


[05/04/2025 - Saturday - 11:35:01] - INFO: 
Programme execution in CLI mode and server properties is not exists to run the router.


[05/04/2025 - Saturday - 11:39:41] - INFO: 
Programme execution in CLI mode and server properties is not exists to run the router.


[05/04/2025 - Saturday - 11:43:02] - INFO: 
Programme execution in CLI mode and server properties is not exists to run the router.


[05/04/2025 - Saturday - 11:45:30] - INFO: 
Programme execution in CLI mode and server properties is not exists to run the router.


[05/04/2025 - Saturday - 11:47:07] - INFO: 
Programme execution in CLI mode and server properties is not exists to run the router.


[05/04/2025 - Saturday - 11:47:49] - INFO: 
Programme execution in CLI mode and server properties is not exists to run the router.


[05/04/2025 - Saturday - 11:49:42] - INFO: 
Programme execution in CLI mode and server properties is not exists to run the router.


[05/04/2025 - Saturday - 11:53:44] - INFO: 
Programme execution in CLI mode and server properties is not exists to run the router.


[05/04/2025 - Saturday - 11:53:49] - INFO: 
Programme execution in CLI mode and server properties is not exists to run the router.


[05/04/2025 - Saturday - 11:54:09] - INFO: 
Programme execution in CLI mode and server properties is not exists to run the router.


[05/04/2025 - Saturday - 11:57:47] - INFO: 
Programme execution in CLI mode and server properties is not exists to run the router.


[06/04/2025 - Sunday - 12:03:13] - INFO: 
Token from cookie: 


[06/04/2025 - Sunday - 12:03:13] - INFO: 
Token from session: 


[06/04/2025 - Sunday - 12:04:55] - INFO: 
Token from cookie: 


[06/04/2025 - Sunday - 12:04:55] - INFO: 
Token from session: 


[06/04/2025 - Sunday - 12:06:44] - INFO: 
Programme execution in CLI mode and server properties is not exists to run the router.


[06/04/2025 - Sunday - 12:07:41] - INFO: 
Programme execution in CLI mode and server properties is not exists to run the router.


[06/04/2025 - Sunday - 12:08:33] - INFO: 
Programme execution in CLI mode and server properties is not exists to run the router.


[06/04/2025 - Sunday - 12:08:51] - INFO: 
Programme execution in CLI mode and server properties is not exists to run the router.


[06/04/2025 - Sunday - 12:09:16] - INFO: 
Programme execution in CLI mode and server properties is not exists to run the router.


[06/04/2025 - Sunday - 12:09:40] - INFO: 
Programme execution in CLI mode and server properties is not exists to run the router.


[06/04/2025 - Sunday - 12:09:56] - INFO: 
Programme execution in CLI mode and server properties is not exists to run the router.


[06/04/2025 - Sunday - 12:10:32] - INFO: 
Programme execution in CLI mode and server properties is not exists to run the router.


[06/04/2025 - Sunday - 12:12:15] - INFO: 
Programme execution in CLI mode and server properties is not exists to run the router.


[06/04/2025 - Sunday - 12:13:05] - INFO: 
Programme execution in CLI mode and server properties is not exists to run the router.


[06/04/2025 - Sunday - 12:13:38] - INFO: 
Programme execution in CLI mode and server properties is not exists to run the router.


[06/04/2025 - Sunday - 12:17:08] - INFO: 
Programme execution in CLI mode and server properties is not exists to run the router.


[06/04/2025 - Sunday - 12:17:52] - INFO: 
Programme execution in CLI mode and server properties is not exists to run the router.


[06/04/2025 - Sunday - 12:19:07] - INFO: 
Programme execution in CLI mode and server properties is not exists to run the router.


[06/04/2025 - Sunday - 12:19:40] - INFO: 
Token from cookie: 


[06/04/2025 - Sunday - 12:19:40] - INFO: 
Token from session: 


[06/04/2025 - Sunday - 12:21:14] - INFO: 
Token from cookie: 


[06/04/2025 - Sunday - 12:21:14] - INFO: 
Token from session: 


[06/04/2025 - Sunday - 12:22:22] - INFO: 
Token from cookie: 


[06/04/2025 - Sunday - 12:22:22] - INFO: 
Token from session: 


[06/04/2025 - Sunday - 12:26:32] - INFO: 
Token from cookie: 


[06/04/2025 - Sunday - 12:26:32] - INFO: 
Token from session: 


[06/04/2025 - Sunday - 12:27:16] - INFO: 
Programme execution in CLI mode and server properties is not exists to run the router.


[06/04/2025 - Sunday - 12:28:38] - INFO: 
Programme execution in CLI mode and server properties is not exists to run the router.


[06/04/2025 - Sunday - 12:29:06] - INFO: 
Programme execution in CLI mode and server properties is not exists to run the router.


[06/04/2025 - Sunday - 12:31:48] - INFO: 
Programme execution in CLI mode and server properties is not exists to run the router.


[06/04/2025 - Sunday - 12:53:48] - INFO: 
Token from cookie: eyJhbGciOiJIUzI1NiIsInR5cCI6IkpXVCJ9.eyJpZCI6MSwiZW1haWwiOiJqb2huQGRvZS5jb20iLCJ0b2tlbl90eXBlIjoiQmVhcmVyIiwiZXhwaXJlc19pbiI6MzYwMCwidG9rZW5fY3JlYXRlZF9hdCI6IjIwMjUtMDQtMDVUMTU6MTQ6NTVaIiwidG9rZW5fZXhwaXJlc19hdCI6IjIwMjUtMDQtMDVUMTY6MTQ6NTVaIiwiZXhwaXJlc190aW1lX3VuaXQiOiJzZWNvbmRzIn0.W3q7ql06Tw5PIhs2x0KVmucIh8oz5afiqkd5TPDJYO0


[06/04/2025 - Sunday - 12:53:48] - INFO: 
Token from session: eyJhbGciOiJIUzI1NiIsInR5cCI6IkpXVCJ9.eyJpZCI6MSwiZW1haWwiOiJqb2huQGRvZS5jb20iLCJ0b2tlbl90eXBlIjoiQmVhcmVyIiwiZXhwaXJlc19pbiI6MzYwMCwidG9rZW5fY3JlYXRlZF9hdCI6IjIwMjUtMDQtMDVUMTU6MTQ6NTVaIiwidG9rZW5fZXhwaXJlc19hdCI6IjIwMjUtMDQtMDVUMTY6MTQ6NTVaIiwiZXhwaXJlc190aW1lX3VuaXQiOiJzZWNvbmRzIn0.W3q7ql06Tw5PIhs2x0KVmucIh8oz5afiqkd5TPDJYO0


[06/04/2025 - Sunday - 12:55:52] - INFO: 
Token from cookie: eyJhbGciOiJIUzI1NiIsInR5cCI6IkpXVCJ9.eyJpZCI6MSwiZW1haWwiOiJqb2huQGRvZS5jb20iLCJ0b2tlbl90eXBlIjoiQmVhcmVyIiwiZXhwaXJlc19pbiI6MzYwMCwidG9rZW5fY3JlYXRlZF9hdCI6IjIwMjUtMDQtMDVUMTU6MTQ6NTVaIiwidG9rZW5fZXhwaXJlc19hdCI6IjIwMjUtMDQtMDVUMTY6MTQ6NTVaIiwiZXhwaXJlc190aW1lX3VuaXQiOiJzZWNvbmRzIn0.W3q7ql06Tw5PIhs2x0KVmucIh8oz5afiqkd5TPDJYO0


[06/04/2025 - Sunday - 12:55:52] - INFO: 
Token from session: eyJhbGciOiJIUzI1NiIsInR5cCI6IkpXVCJ9.eyJpZCI6MSwiZW1haWwiOiJqb2huQGRvZS5jb20iLCJ0b2tlbl90eXBlIjoiQmVhcmVyIiwiZXhwaXJlc19pbiI6MzYwMCwidG9rZW5fY3JlYXRlZF9hdCI6IjIwMjUtMDQtMDVUMTU6MTQ6NTVaIiwidG9rZW5fZXhwaXJlc19hdCI6IjIwMjUtMDQtMDVUMTY6MTQ6NTVaIiwiZXhwaXJlc190aW1lX3VuaXQiOiJzZWNvbmRzIn0.W3q7ql06Tw5PIhs2x0KVmucIh8oz5afiqkd5TPDJYO0


[06/04/2025 - Sunday - 12:55:52] - INFO: 
Token from cookie: 


[06/04/2025 - Sunday - 12:55:52] - INFO: 
Token from session: 


[06/04/2025 - Sunday - 12:57:13] - INFO: 
Programme execution in CLI mode and server properties is not exists to run the router.


[06/04/2025 - Sunday - 12:57:13] - INFO: 
Token from cookie: eyJhbGciOiJIUzI1NiIsInR5cCI6IkpXVCJ9.eyJpZCI6MSwiZW1haWwiOiJqb2huQGRvZS5jb20iLCJ0b2tlbl90eXBlIjoiQmVhcmVyIiwiZXhwaXJlc19pbiI6MzYwMCwidG9rZW5fY3JlYXRlZF9hdCI6IjIwMjUtMDQtMDVUMTU6MTQ6NTVaIiwidG9rZW5fZXhwaXJlc19hdCI6IjIwMjUtMDQtMDVUMTY6MTQ6NTVaIiwiZXhwaXJlc190aW1lX3VuaXQiOiJzZWNvbmRzIn0.W3q7ql06Tw5PIhs2x0KVmucIh8oz5afiqkd5TPDJYO0


[06/04/2025 - Sunday - 12:57:13] - INFO: 
Token from session: eyJhbGciOiJIUzI1NiIsInR5cCI6IkpXVCJ9.eyJpZCI6MSwiZW1haWwiOiJqb2huQGRvZS5jb20iLCJ0b2tlbl90eXBlIjoiQmVhcmVyIiwiZXhwaXJlc19pbiI6MzYwMCwidG9rZW5fY3JlYXRlZF9hdCI6IjIwMjUtMDQtMDVUMTU6MTQ6NTVaIiwidG9rZW5fZXhwaXJlc19hdCI6IjIwMjUtMDQtMDVUMTY6MTQ6NTVaIiwiZXhwaXJlc190aW1lX3VuaXQiOiJzZWNvbmRzIn0.W3q7ql06Tw5PIhs2x0KVmucIh8oz5afiqkd5TPDJYO0


[06/04/2025 - Sunday - 12:58:51] - INFO: 
Programme execution in CLI mode and server properties is not exists to run the router.


[06/04/2025 - Sunday - 12:58:51] - INFO: 
Token from cookie: eyJhbGciOiJIUzI1NiIsInR5cCI6IkpXVCJ9.eyJpZCI6MSwiZW1haWwiOiJqb2huQGRvZS5jb20iLCJ0b2tlbl90eXBlIjoiQmVhcmVyIiwiZXhwaXJlc19pbiI6MzYwMCwidG9rZW5fY3JlYXRlZF9hdCI6IjIwMjUtMDQtMDVUMTg6MjY6MzJaIiwidG9rZW5fZXhwaXJlc19hdCI6IjIwMjUtMDQtMDVUMTk6MjY6MzJaIiwiZXhwaXJlc190aW1lX3VuaXQiOiJzZWNvbmQifQ.ICa59nwfMCRW_F6-FXXf3tc_E7AEQHu-uaZOGFH2ThU


[06/04/2025 - Sunday - 12:58:51] - INFO: 
Token from session: eyJhbGciOiJIUzI1NiIsInR5cCI6IkpXVCJ9.eyJpZCI6MSwiZW1haWwiOiJqb2huQGRvZS5jb20iLCJ0b2tlbl90eXBlIjoiQmVhcmVyIiwiZXhwaXJlc19pbiI6MzYwMCwidG9rZW5fY3JlYXRlZF9hdCI6IjIwMjUtMDQtMDVUMTg6MjY6MzJaIiwidG9rZW5fZXhwaXJlc19hdCI6IjIwMjUtMDQtMDVUMTk6MjY6MzJaIiwiZXhwaXJlc190aW1lX3VuaXQiOiJzZWNvbmQifQ.ICa59nwfMCRW_F6-FXXf3tc_E7AEQHu-uaZOGFH2ThU


[06/04/2025 - Sunday - 12:59:57] - INFO: 
Programme execution in CLI mode and server properties is not exists to run the router.


[06/04/2025 - Sunday - 12:59:57] - INFO: 
Token from cookie: eyJhbGciOiJIUzI1NiIsInR5cCI6IkpXVCJ9.eyJpZCI6MSwiZW1haWwiOiJqb2huQGRvZS5jb20iLCJ0b2tlbl90eXBlIjoiQmVhcmVyIiwiZXhwaXJlc19pbiI6MzYwMCwidG9rZW5fY3JlYXRlZF9hdCI6IjIwMjUtMDQtMDVUMTg6MjY6MzJaIiwidG9rZW5fZXhwaXJlc19hdCI6IjIwMjUtMDQtMDVUMTk6MjY6MzJaIiwiZXhwaXJlc190aW1lX3VuaXQiOiJzZWNvbmQifQ.ICa59nwfMCRW_F6-FXXf3tc_E7AEQHu-uaZOGFH2ThU


[06/04/2025 - Sunday - 12:59:57] - INFO: 
Token from session: eyJhbGciOiJIUzI1NiIsInR5cCI6IkpXVCJ9.eyJpZCI6MSwiZW1haWwiOiJqb2huQGRvZS5jb20iLCJ0b2tlbl90eXBlIjoiQmVhcmVyIiwiZXhwaXJlc19pbiI6MzYwMCwidG9rZW5fY3JlYXRlZF9hdCI6IjIwMjUtMDQtMDVUMTg6MjY6MzJaIiwidG9rZW5fZXhwaXJlc19hdCI6IjIwMjUtMDQtMDVUMTk6MjY6MzJaIiwiZXhwaXJlc190aW1lX3VuaXQiOiJzZWNvbmQifQ.ICa59nwfMCRW_F6-FXXf3tc_E7AEQHu-uaZOGFH2ThU


[06/04/2025 - Sunday - 01:00:40] - INFO: 
Programme execution in CLI mode and server properties is not exists to run the router.


[06/04/2025 - Sunday - 01:00:40] - INFO: 
Token from cookie: eyJhbGciOiJIUzI1NiIsInR5cCI6IkpXVCJ9.eyJpZCI6MSwiZW1haWwiOiJqb2huQGRvZS5jb20iLCJ0b2tlbl90eXBlIjoiQmVhcmVyIiwiZXhwaXJlc19pbiI6MzYwMCwidG9rZW5fY3JlYXRlZF9hdCI6IjIwMjUtMDQtMDVUMTg6MjY6MzJaIiwidG9rZW5fZXhwaXJlc19hdCI6IjIwMjUtMDQtMDVUMTk6MjY6MzJaIiwiZXhwaXJlc190aW1lX3VuaXQiOiJzZWNvbmQifQ.ICa59nwfMCRW_F6-FXXf3tc_E7AEQHu-uaZOGFH2ThU


[06/04/2025 - Sunday - 01:00:40] - INFO: 
Token from session: eyJhbGciOiJIUzI1NiIsInR5cCI6IkpXVCJ9.eyJpZCI6MSwiZW1haWwiOiJqb2huQGRvZS5jb20iLCJ0b2tlbl90eXBlIjoiQmVhcmVyIiwiZXhwaXJlc19pbiI6MzYwMCwidG9rZW5fY3JlYXRlZF9hdCI6IjIwMjUtMDQtMDVUMTg6MjY6MzJaIiwidG9rZW5fZXhwaXJlc19hdCI6IjIwMjUtMDQtMDVUMTk6MjY6MzJaIiwiZXhwaXJlc190aW1lX3VuaXQiOiJzZWNvbmQifQ.ICa59nwfMCRW_F6-FXXf3tc_E7AEQHu-uaZOGFH2ThU


[06/04/2025 - Sunday - 01:05:34] - INFO: 
Programme execution in CLI mode and server properties is not exists to run the router.


[06/04/2025 - Sunday - 01:05:34] - INFO: 
Token from cookie: eyJhbGciOiJIUzI1NiIsInR5cCI6IkpXVCJ9.eyJpZCI6MSwiZW1haWwiOiJqb2huQGRvZS5jb20iLCJ0b2tlbl90eXBlIjoiQmVhcmVyIiwiZXhwaXJlc19pbiI6MzYwMCwidG9rZW5fY3JlYXRlZF9hdCI6IjIwMjUtMDQtMDVUMTg6MjY6MzJaIiwidG9rZW5fZXhwaXJlc19hdCI6IjIwMjUtMDQtMDVUMTk6MjY6MzJaIiwiZXhwaXJlc190aW1lX3VuaXQiOiJzZWNvbmQifQ.ICa59nwfMCRW_F6-FXXf3tc_E7AEQHu-uaZOGFH2ThU


[06/04/2025 - Sunday - 01:05:34] - INFO: 
Token from session: eyJhbGciOiJIUzI1NiIsInR5cCI6IkpXVCJ9.eyJpZCI6MSwiZW1haWwiOiJqb2huQGRvZS5jb20iLCJ0b2tlbl90eXBlIjoiQmVhcmVyIiwiZXhwaXJlc19pbiI6MzYwMCwidG9rZW5fY3JlYXRlZF9hdCI6IjIwMjUtMDQtMDVUMTg6MjY6MzJaIiwidG9rZW5fZXhwaXJlc19hdCI6IjIwMjUtMDQtMDVUMTk6MjY6MzJaIiwiZXhwaXJlc190aW1lX3VuaXQiOiJzZWNvbmQifQ.ICa59nwfMCRW_F6-FXXf3tc_E7AEQHu-uaZOGFH2ThU


[06/04/2025 - Sunday - 01:06:57] - INFO: 
Token from cookie: 


[06/04/2025 - Sunday - 01:06:57] - INFO: 
Token from session: 


[06/04/2025 - Sunday - 01:07:36] - INFO: 
Token from cookie: 


[06/04/2025 - Sunday - 01:07:36] - INFO: 
Token from session: 


[06/04/2025 - Sunday - 01:08:12] - INFO: 
Token from cookie: 


[06/04/2025 - Sunday - 01:08:12] - INFO: 
Token from session: 


[06/04/2025 - Sunday - 01:11:46] - INFO: 
Programme execution in CLI mode and server properties is not exists to run the router.


[06/04/2025 - Sunday - 01:11:46] - INFO: 
Token from cookie: eyJhbGciOiJIUzI1NiIsInR5cCI6IkpXVCJ9.eyJpZCI6MSwiZW1haWwiOiJqb2huQGRvZS5jb20iLCJ0b2tlbl90eXBlIjoiQmVhcmVyIiwiZXhwaXJlc19pbiI6MzYwMCwidG9rZW5fY3JlYXRlZF9hdCI6IjIwMjUtMDQtMDVUMTg6MjY6MzJaIiwidG9rZW5fZXhwaXJlc19hdCI6IjIwMjUtMDQtMDVUMTk6MjY6MzJaIiwiZXhwaXJlc190aW1lX3VuaXQiOiJzZWNvbmQifQ.ICa59nwfMCRW_F6-FXXf3tc_E7AEQHu-uaZOGFH2ThU


[06/04/2025 - Sunday - 01:11:46] - INFO: 
Token from session: eyJhbGciOiJIUzI1NiIsInR5cCI6IkpXVCJ9.eyJpZCI6MSwiZW1haWwiOiJqb2huQGRvZS5jb20iLCJ0b2tlbl90eXBlIjoiQmVhcmVyIiwiZXhwaXJlc19pbiI6MzYwMCwidG9rZW5fY3JlYXRlZF9hdCI6IjIwMjUtMDQtMDVUMTg6MjY6MzJaIiwidG9rZW5fZXhwaXJlc19hdCI6IjIwMjUtMDQtMDVUMTk6MjY6MzJaIiwiZXhwaXJlc190aW1lX3VuaXQiOiJzZWNvbmQifQ.ICa59nwfMCRW_F6-FXXf3tc_E7AEQHu-uaZOGFH2ThU


